2020-08-28 00:41:38: Запуск функции actionRegister(). Выделено памяти - 697264
2020-08-28 00:41:38: Начало выполнения блока if функции actionRegister(). Выделено памяти - 699072
2020-08-28 00:41:38: Пароли при регистрации совпадают - asd@asd.ru. Выделено памяти - 716368
2020-08-28 00:41:38: Запуск функции register(). Выделено памяти - 716208
2020-08-28 00:41:38: Попытка создать существующего пользователя asd@asd.ru. Выделено памяти - 716384
2020-08-28 00:41:43: Запуск функции actionLogin(). Выделено памяти - 697048
2020-08-28 00:41:43: Начало выполнения блока if функции actionLogin(). Выделено памяти - 698856
2020-08-28 00:41:43: Запуск функции auth(). Выделено памяти - 715976
2020-08-28 00:41:43: Пароль верный, успешный логин - asd@asd.ru. Выделено памяти - 716424
2020-08-30 11:36:27: Запуск функции actionLogin(). Выделено памяти - 697360
2020-08-30 11:36:27: Начало выполнения блока if функции actionLogin(). Выделено памяти - 699168
2020-08-30 11:36:27: Запуск функции auth(). Выделено памяти - 715424
2020-08-30 11:36:27: Пароль верный, успешный логин - asd@asd.ru. Выделено памяти - 715872
2020-08-30 14:54:05: Запуск функции actionLogin(). Выделено памяти - 697360
2020-08-30 14:54:05: Начало выполнения блока if функции actionLogin(). Выделено памяти - 699168
2020-08-30 14:54:05: Запуск функции auth(). Выделено памяти - 724080
2020-08-30 14:57:15: Запуск функции actionLogin(). Выделено памяти - 697360
2020-08-30 14:57:15: Начало выполнения блока if функции actionLogin(). Выделено памяти - 699168
2020-08-30 14:57:15: Запуск функции auth(). Выделено памяти - 724080
2020-08-30 14:57:15: Аутентификация не удалась. Выделено памяти - 771000
2020-08-30 14:57:15: Пароли при логине совпадают - asd@asd.ru. Выделено памяти - 771112
2020-08-30 14:57:20: Запуск функции actionRegister(). Выделено памяти - 697576
2020-08-30 14:57:20: Начало выполнения блока if функции actionRegister(). Выделено памяти - 699384
2020-08-30 14:57:20: Пароли при регистрации совпадают - asd@asd.ru. Выделено памяти - 724472
2020-08-30 14:57:20: Запуск функции register(). Выделено памяти - 724312
2020-08-30 14:58:45: Запуск функции actionRegister(). Выделено памяти - 697576
2020-08-30 14:58:45: Начало выполнения блока if функции actionRegister(). Выделено памяти - 699384
2020-08-30 14:58:45: Пароли при регистрации совпадают - asd@asd.ru. Выделено памяти - 724512
2020-08-30 14:58:45: Запуск функции register(). Выделено памяти - 724352
2020-08-30 14:58:45: Регистрация выполнена - asd@asd.ru. Выделено памяти - 771352
2020-08-30 14:58:48: Запуск функции actionLogin(). Выделено памяти - 697360
2020-08-30 14:58:48: Начало выполнения блока if функции actionLogin(). Выделено памяти - 699168
2020-08-30 14:58:48: Запуск функции auth(). Выделено памяти - 724120
2020-08-30 14:58:48: Пароль верный, успешный логин - asd@asd.ru. Выделено памяти - 771504
