2020-08-28 00:41:38: Запуск функции actionRegister(). Выделено памяти - 697264
2020-08-28 00:41:38: Начало выполнения блока if функции actionRegister(). Выделено памяти - 699072
2020-08-28 00:41:38: Пароли при регистрации совпадают - asd@asd.ru. Выделено памяти - 716368
2020-08-28 00:41:38: Запуск функции register(). Выделено памяти - 716208
2020-08-28 00:41:38: Попытка создать существующего пользователя asd@asd.ru. Выделено памяти - 716384
2020-08-28 00:41:43: Запуск функции actionLogin(). Выделено памяти - 697048
2020-08-28 00:41:43: Начало выполнения блока if функции actionLogin(). Выделено памяти - 698856
2020-08-28 00:41:43: Запуск функции auth(). Выделено памяти - 715976
2020-08-28 00:41:43: Пароль верный, успешный логин - asd@asd.ru. Выделено памяти - 716424
2020-08-30 11:36:27: Запуск функции actionLogin(). Выделено памяти - 697360
2020-08-30 11:36:27: Начало выполнения блока if функции actionLogin(). Выделено памяти - 699168
2020-08-30 11:36:27: Запуск функции auth(). Выделено памяти - 715424
2020-08-30 11:36:27: Пароль верный, успешный логин - asd@asd.ru. Выделено памяти - 715872
2020-08-30 14:54:05: Запуск функции actionLogin(). Выделено памяти - 697360
2020-08-30 14:54:05: Начало выполнения блока if функции actionLogin(). Выделено памяти - 699168
2020-08-30 14:54:05: Запуск функции auth(). Выделено памяти - 724080
2020-08-30 14:57:15: Запуск функции actionLogin(). Выделено памяти - 697360
2020-08-30 14:57:15: Начало выполнения блока if функции actionLogin(). Выделено памяти - 699168
2020-08-30 14:57:15: Запуск функции auth(). Выделено памяти - 724080
2020-08-30 14:57:15: Аутентификация не удалась. Выделено памяти - 771000
2020-08-30 14:57:15: Пароли при логине совпадают - asd@asd.ru. Выделено памяти - 771112
2020-08-30 14:57:20: Запуск функции actionRegister(). Выделено памяти - 697576
2020-08-30 14:57:20: Начало выполнения блока if функции actionRegister(). Выделено памяти - 699384
2020-08-30 14:57:20: Пароли при регистрации совпадают - asd@asd.ru. Выделено памяти - 724472
2020-08-30 14:57:20: Запуск функции register(). Выделено памяти - 724312
2020-08-30 14:58:45: Запуск функции actionRegister(). Выделено памяти - 697576
2020-08-30 14:58:45: Начало выполнения блока if функции actionRegister(). Выделено памяти - 699384
2020-08-30 14:58:45: Пароли при регистрации совпадают - asd@asd.ru. Выделено памяти - 724512
2020-08-30 14:58:45: Запуск функции register(). Выделено памяти - 724352
2020-08-30 14:58:45: Регистрация выполнена - asd@asd.ru. Выделено памяти - 771352
2020-08-30 14:58:48: Запуск функции actionLogin(). Выделено памяти - 697360
2020-08-30 14:58:48: Начало выполнения блока if функции actionLogin(). Выделено памяти - 699168
2020-08-30 14:58:48: Запуск функции auth(). Выделено памяти - 724120
2020-08-30 14:58:48: Пароль верный, успешный логин - asd@asd.ru. Выделено памяти - 771504
2020-09-06 15:13:08: Запуск функции actionLogin(). Выделено памяти - 705696
2020-09-06 15:13:08: Начало выполнения блока if функции actionLogin(). Выделено памяти - 707504
2020-09-06 15:13:08: Запуск функции auth(). Выделено памяти - 732520
2020-09-06 15:13:08: Аутентификация не удалась. Выделено памяти - 779392
2020-09-06 15:13:08: Пароли при логине совпадают - asd@asd.ru. Выделено памяти - 779504
2020-09-06 15:13:13: Запуск функции actionLogin(). Выделено памяти - 705696
2020-09-06 15:13:13: Начало выполнения блока if функции actionLogin(). Выделено памяти - 707504
2020-09-06 15:13:13: Запуск функции auth(). Выделено памяти - 732520
2020-09-06 15:13:13: Аутентификация не удалась. Выделено памяти - 779392
2020-09-06 15:13:13: Пароли при логине совпадают - asd@asd.ru. Выделено памяти - 779504
2020-09-06 15:13:20: Запуск функции actionRegister(). Выделено памяти - 705912
2020-09-06 15:13:20: Начало выполнения блока if функции actionRegister(). Выделено памяти - 707720
2020-09-06 15:13:20: Пароли при регистрации совпадают - asd@asd.ru. Выделено памяти - 732912
2020-09-06 15:13:20: Запуск функции register(). Выделено памяти - 732752
2020-09-06 15:14:48: Запуск функции actionRegister(). Выделено памяти - 705912
2020-09-06 15:14:48: Начало выполнения блока if функции actionRegister(). Выделено памяти - 707720
2020-09-06 15:14:48: Пароли при регистрации совпадают - asd@asd.ru. Выделено памяти - 732912
2020-09-06 15:14:48: Запуск функции register(). Выделено памяти - 732752
2020-09-06 15:14:48: Регистрация выполнена - asd@asd.ru. Выделено памяти - 779784
2020-09-06 15:14:51: Запуск функции actionLogin(). Выделено памяти - 705696
2020-09-06 15:14:51: Начало выполнения блока if функции actionLogin(). Выделено памяти - 707504
2020-09-06 15:14:51: Запуск функции auth(). Выделено памяти - 732520
2020-09-06 15:14:51: Аутентификация не удалась. Выделено памяти - 780304
2020-09-06 15:14:51: Пароли при логине совпадают - asd@asd.ru. Выделено памяти - 779584
2020-09-06 15:14:54: Запуск функции actionLogin(). Выделено памяти - 705696
2020-09-06 15:14:54: Начало выполнения блока if функции actionLogin(). Выделено памяти - 707504
2020-09-06 15:14:54: Запуск функции auth(). Выделено памяти - 732520
2020-09-06 15:14:54: Пароль верный, успешный логин - asd@asd.ru. Выделено памяти - 779936
2020-09-06 15:21:32: Запуск функции actionRegister(). Выделено памяти - 706136
2020-09-06 15:21:32: Начало выполнения блока if функции actionRegister(). Выделено памяти - 707944
2020-09-06 15:21:32: Пароли при регистрации совпадают - asd@asd.ru. Выделено памяти - 737232
2020-09-06 15:21:32: Запуск функции register(). Выделено памяти - 737072
2020-09-06 15:23:42: Запуск функции actionRegister(). Выделено памяти - 706136
2020-09-06 15:23:42: Начало выполнения блока if функции actionRegister(). Выделено памяти - 707944
2020-09-06 15:23:42: Пароли при регистрации совпадают - asd@asd.ru. Выделено памяти - 738368
2020-09-06 15:23:42: Запуск функции register(). Выделено памяти - 738208
2020-09-06 15:24:07: Запуск функции actionRegister(). Выделено памяти - 706136
2020-09-06 15:24:07: Начало выполнения блока if функции actionRegister(). Выделено памяти - 707944
2020-09-06 15:24:07: Пароли при регистрации совпадают - asd@asd.ru. Выделено памяти - 738408
2020-09-06 15:24:07: Запуск функции register(). Выделено памяти - 738248
2020-09-06 15:24:07: Регистрация выполнена - asd@asd.ru. Выделено памяти - 1110160
2020-09-06 15:29:40: Запуск функции actionRegister(). Выделено памяти - 706136
2020-09-06 15:29:40: Начало выполнения блока if функции actionRegister(). Выделено памяти - 707944
2020-09-06 15:29:40: Пароли при регистрации совпадают - asd@asd.ru. Выделено памяти - 738744
2020-09-06 15:29:40: Запуск функции register(). Выделено памяти - 738584
2020-09-06 15:29:40: Регистрация выполнена - asd@asd.ru. Выделено памяти - 1110496
2020-09-06 15:33:23: Запуск функции actionRegister(). Выделено памяти - 706136
2020-09-06 15:33:23: Начало выполнения блока if функции actionRegister(). Выделено памяти - 707944
2020-09-06 15:33:23: Пароли при регистрации совпадают - asd@asd.ru. Выделено памяти - 738880
2020-09-06 15:33:23: Запуск функции register(). Выделено памяти - 738720
2020-09-06 15:34:05: Запуск функции actionRegister(). Выделено памяти - 706136
2020-09-06 15:34:05: Начало выполнения блока if функции actionRegister(). Выделено памяти - 707944
2020-09-06 15:34:05: Пароли при регистрации совпадают - asd@asd.ru. Выделено памяти - 738880
2020-09-06 15:34:05: Запуск функции register(). Выделено памяти - 738720
2020-09-06 15:34:05: Регистрация выполнена - asd@asd.ru. Выделено памяти - 1118728
2020-09-06 15:34:09: Запуск функции actionLogin(). Выделено памяти - 705920
2020-09-06 15:34:09: Начало выполнения блока if функции actionLogin(). Выделено памяти - 707728
2020-09-06 15:34:09: Запуск функции auth(). Выделено памяти - 738488
2020-09-06 15:34:09: Аутентификация не удалась. Выделено памяти - 1107696
2020-09-06 15:34:09: Пароли при логине совпадают - asd@asd.ru. Выделено памяти - 1107224
2020-09-06 15:36:52: Запуск функции actionRegister(). Выделено памяти - 706136
2020-09-06 15:36:52: Начало выполнения блока if функции actionRegister(). Выделено памяти - 707944
2020-09-06 15:36:52: Пароли при регистрации совпадают - asd@asd.ru. Выделено памяти - 738760
2020-09-06 15:36:52: Запуск функции register(). Выделено памяти - 738600
2020-09-06 15:36:52: Попытка создать существующего пользователя asd@asd.ru. Выделено памяти - 1107384
2020-09-06 15:39:02: Запуск функции actionLogin(). Выделено памяти - 705920
2020-09-06 15:39:02: Начало выполнения блока if функции actionLogin(). Выделено памяти - 707728
2020-09-06 15:39:02: Запуск функции auth(). Выделено памяти - 738664
2020-09-06 15:39:02: Аутентификация не удалась. Выделено памяти - 1107872
2020-09-06 15:39:02: Пароли при логине совпадают - asd@asd.ru. Выделено памяти - 1107400
2020-09-06 15:39:08: Запуск функции actionLogin(). Выделено памяти - 705920
2020-09-06 15:39:08: Начало выполнения блока if функции actionLogin(). Выделено памяти - 707728
2020-09-06 15:39:08: Запуск функции auth(). Выделено памяти - 738664
2020-09-06 15:39:08: Аутентификация не удалась. Выделено памяти - 1107872
2020-09-06 15:39:08: Пароли при логине совпадают - asd@asd.ru. Выделено памяти - 1107400
2020-09-06 15:39:11: Запуск функции actionLogin(). Выделено памяти - 705920
2020-09-06 15:39:11: Начало выполнения блока if функции actionLogin(). Выделено памяти - 707728
2020-09-06 15:39:11: Запуск функции auth(). Выделено памяти - 738664
2020-09-06 15:39:11: Аутентификация не удалась. Выделено памяти - 1107872
2020-09-06 15:39:11: Пароли при логине совпадают - asd@asd.ru. Выделено памяти - 1107400
2020-09-06 15:39:15: Запуск функции actionLogin(). Выделено памяти - 705920
2020-09-06 15:39:15: Начало выполнения блока if функции actionLogin(). Выделено памяти - 707728
2020-09-06 15:39:15: Запуск функции auth(). Выделено памяти - 738664
2020-09-06 15:39:15: Аутентификация не удалась. Выделено памяти - 1107872
2020-09-06 15:39:15: Пароли при логине совпадают - asd@asd.ru. Выделено памяти - 1107400
2020-09-06 15:39:40: Запуск функции actionLogin(). Выделено памяти - 705920
2020-09-06 15:39:40: Начало выполнения блока if функции actionLogin(). Выделено памяти - 707728
2020-09-06 15:39:40: Запуск функции auth(). Выделено памяти - 738984
2020-09-06 15:39:40: Аутентификация не удалась. Выделено памяти - 1108304
2020-09-06 15:39:40: Пароли при логине совпадают - asd@asd.ru. Выделено памяти - 1107832
2020-09-06 15:40:05: Запуск функции actionLogin(). Выделено памяти - 705920
2020-09-06 15:40:05: Начало выполнения блока if функции actionLogin(). Выделено памяти - 707728
2020-09-06 15:40:05: Запуск функции auth(). Выделено памяти - 739240
2020-09-06 15:40:05: Аутентификация не удалась. Выделено памяти - 1108560
2020-09-06 15:40:05: Пароли при логине совпадают - asd@asd.ru. Выделено памяти - 1108088
2020-09-06 15:40:28: Запуск функции actionLogin(). Выделено памяти - 705696
2020-09-06 15:40:28: Начало выполнения блока if функции actionLogin(). Выделено памяти - 707504
2020-09-06 15:40:28: Запуск функции auth(). Выделено памяти - 739080
2020-09-06 15:40:28: Аутентификация не удалась. Выделено памяти - 786864
2020-09-06 15:40:28: Пароли при логине совпадают - asd@asd.ru. Выделено памяти - 786144
2020-09-06 15:40:32: Запуск функции actionLogin(). Выделено памяти - 705696
2020-09-06 15:40:32: Начало выполнения блока if функции actionLogin(). Выделено памяти - 707504
2020-09-06 15:40:32: Запуск функции auth(). Выделено памяти - 739080
2020-09-06 15:40:32: Пароль верный, успешный логин - asd@asd.ru. Выделено памяти - 786496
2020-09-06 15:40:53: Запуск функции actionLogin(). Выделено памяти - 705920
2020-09-06 15:40:53: Начало выполнения блока if функции actionLogin(). Выделено памяти - 707728
2020-09-06 15:40:53: Запуск функции auth(). Выделено памяти - 739240
2020-09-06 15:40:53: Аутентификация не удалась. Выделено памяти - 1108560
2020-09-06 15:40:53: Пароли при логине совпадают - asd@asd.ru. Выделено памяти - 1108088
2020-09-06 15:41:16: Запуск функции actionLogin(). Выделено памяти - 705920
2020-09-06 15:41:16: Начало выполнения блока if функции actionLogin(). Выделено памяти - 707728
2020-09-06 15:41:16: Запуск функции auth(). Выделено памяти - 738984
2020-09-06 15:41:16: Аутентификация не удалась. Выделено памяти - 1108304
2020-09-06 15:41:16: Пароли при логине совпадают - asd@asd.ru. Выделено памяти - 1107832
2020-09-06 15:41:42: Запуск функции actionLogin(). Выделено памяти - 705920
2020-09-06 15:41:42: Начало выполнения блока if функции actionLogin(). Выделено памяти - 707728
2020-09-06 15:41:42: Запуск функции auth(). Выделено памяти - 738984
2020-09-06 15:41:42: Аутентификация не удалась. Выделено памяти - 1107720
2020-09-06 15:41:42: Пароли при логине совпадают - asd@asd.rus. Выделено памяти - 1107832
2020-09-06 15:41:52: Запуск функции actionRegister(). Выделено памяти - 706168
2020-09-06 15:41:52: Начало выполнения блока if функции actionRegister(). Выделено памяти - 707976
2020-09-06 15:41:52: Пароли при регистрации совпадают - asd@asd.rus. Выделено памяти - 739408
2020-09-06 15:41:52: Запуск функции register(). Выделено памяти - 739248
2020-09-06 15:41:52: Регистрация выполнена - asd@asd.rus. Выделено памяти - 1119368
2020-09-06 15:42:09: Запуск функции actionRegister(). Выделено памяти - 706168
2020-09-06 15:42:09: Начало выполнения блока if функции actionRegister(). Выделено памяти - 707976
2020-09-06 15:42:09: Пароли при регистрации совпадают - asd@asd.rus. Выделено памяти - 739088
2020-09-06 15:42:09: Запуск функции register(). Выделено памяти - 738928
2020-09-06 15:42:09: Попытка создать существующего пользователя asd@asd.rus. Выделено памяти - 1107712
2020-09-06 15:42:17: Запуск функции actionRegister(). Выделено памяти - 706168
2020-09-06 15:42:17: Начало выполнения блока if функции actionRegister(). Выделено памяти - 707976
2020-09-06 15:42:17: Пароли при регистрации совпадают - asd@asd.russ. Выделено памяти - 739088
2020-09-06 15:42:17: Запуск функции register(). Выделено памяти - 738928
2020-09-06 15:42:17: Регистрация выполнена - asd@asd.russ. Выделено памяти - 1119064
2020-09-06 15:43:26: Запуск функции actionRegister(). Выделено памяти - 706168
2020-09-06 15:43:26: Начало выполнения блока if функции actionRegister(). Выделено памяти - 707976
2020-09-06 15:43:26: Пароли при регистрации совпадают - asd@asd.russ. Выделено памяти - 739088
2020-09-06 15:43:26: Запуск функции register(). Выделено памяти - 738928
2020-09-06 15:43:26: Попытка создать существующего пользователя asd@asd.russ. Выделено памяти - 1107712
2020-09-06 15:43:30: Запуск функции actionRegister(). Выделено памяти - 706168
2020-09-06 15:43:30: Начало выполнения блока if функции actionRegister(). Выделено памяти - 707976
2020-09-06 15:43:30: Пароли при регистрации совпадают - asd@asd.russs. Выделено памяти - 739088
2020-09-06 15:43:30: Запуск функции register(). Выделено памяти - 738928
2020-09-06 15:43:31: Регистрация выполнена - asd@asd.russs. Выделено памяти - 1119064
2020-09-06 15:45:08: Запуск функции actionRegister(). Выделено памяти - 706168
2020-09-06 15:45:08: Начало выполнения блока if функции actionRegister(). Выделено памяти - 707976
2020-09-06 15:45:08: Пароли при регистрации совпадают - asd@asd.russss. Выделено памяти - 738912
2020-09-06 15:45:08: Запуск функции register(). Выделено памяти - 738752
2020-09-06 15:45:08: Регистрация выполнена - asd@asd.russss. Выделено памяти - 1118776
2020-09-06 15:45:14: Запуск функции actionLogin(). Выделено памяти - 705920
2020-09-06 15:45:14: Начало выполнения блока if функции actionLogin(). Выделено памяти - 707728
2020-09-06 15:45:14: Запуск функции auth(). Выделено памяти - 738488
2020-09-06 15:45:14: Аутентификация не удалась. Выделено памяти - 1107696
2020-09-06 15:45:14: Пароли при логине совпадают - asd@asd.russss. Выделено памяти - 1107224
2020-09-06 15:45:21: Запуск функции actionLogin(). Выделено памяти - 705920
2020-09-06 15:45:21: Начало выполнения блока if функции actionLogin(). Выделено памяти - 707728
2020-09-06 15:45:21: Запуск функции auth(). Выделено памяти - 738488
2020-09-06 15:45:21: Аутентификация не удалась. Выделено памяти - 1107696
2020-09-06 15:45:21: Пароли при логине совпадают - asd@asd.ru. Выделено памяти - 1107224
2020-09-06 15:46:48: Запуск функции actionLogin(). Выделено памяти - 705920
2020-09-06 15:46:48: Начало выполнения блока if функции actionLogin(). Выделено памяти - 707728
2020-09-06 15:46:48: Запуск функции auth(). Выделено памяти - 738808
2020-09-06 15:46:48: Аутентификация не удалась. Выделено памяти - 1108128
2020-09-06 15:46:48: Пароли при логине совпадают - asd@asd.ru. Выделено памяти - 1107656
2020-09-06 15:50:23: Запуск функции actionLogin(). Выделено памяти - 705920
2020-09-06 15:50:23: Начало выполнения блока if функции actionLogin(). Выделено памяти - 707728
2020-09-06 15:50:23: Запуск функции auth(). Выделено памяти - 738808
2020-09-06 15:50:23: Аутентификация не удалась. Выделено памяти - 1108128
2020-09-06 15:50:23: Пароли при логине совпадают - asd@asd.ru. Выделено памяти - 1107656
2020-09-06 15:50:44: Запуск функции actionLogin(). Выделено памяти - 705920
2020-09-06 15:50:44: Начало выполнения блока if функции actionLogin(). Выделено памяти - 707728
2020-09-06 15:50:44: Запуск функции auth(). Выделено памяти - 738808
2020-09-06 15:50:44: Аутентификация не удалась. Выделено памяти - 1108128
2020-09-06 15:50:44: Пароли при логине совпадают - asd@asd.ru. Выделено памяти - 1107656
2020-09-06 15:50:59: Запуск функции actionLogin(). Выделено памяти - 705920
2020-09-06 15:50:59: Начало выполнения блока if функции actionLogin(). Выделено памяти - 707728
2020-09-06 15:50:59: Запуск функции auth(). Выделено памяти - 738488
2020-09-06 15:50:59: Пароль верный, успешный логин - asd@asd.ru. Выделено памяти - 1107544
2020-09-06 15:51:03: Запуск функции actionLogin(). Выделено памяти - 705920
2020-09-06 15:51:03: Начало выполнения блока if функции actionLogin(). Выделено памяти - 707728
2020-09-06 15:51:03: Запуск функции auth(). Выделено памяти - 738488
2020-09-06 15:51:03: Пароль верный, успешный логин - asd@asd.ru. Выделено памяти - 1107544
2020-09-06 15:51:08: Запуск функции actionLogin(). Выделено памяти - 705696
2020-09-06 15:51:08: Начало выполнения блока if функции actionLogin(). Выделено памяти - 707504
2020-09-06 15:51:08: Запуск функции auth(). Выделено памяти - 738904
2020-09-06 15:51:08: Пароль верный, успешный логин - asd@asd.ru. Выделено памяти - 786320
